<?xml version="1.0" encoding="UTF-8"?>
<!-- Generated by org.testng.reporters.JUnitReportReporter -->
<testsuite skipped="0" hostname="LAPTOP-L2LB3A44" name="qaclickacademy.AppiumTest" tests="2" failures="0" timestamp="2019-12-14T09:34:48 GMT+03:00" time="0.006" errors="0">
  <testcase name="Acase2" time="0.001" classname="qaclickacademy.AppiumTest"/>
  <testcase name="Acase1" time="0.005" classname="qaclickacademy.AppiumTest"/>
</testsuite> <!-- qaclickacademy.AppiumTest -->
