<?xml version="1.0" encoding="UTF-8"?>
<!-- Generated by org.testng.reporters.JUnitReportReporter -->
<testsuite skipped="0" hostname="LAPTOP-L2LB3A44" name="qaclickacademy.AppTest" tests="1" failures="0" timestamp="2019-12-14T09:34:48 GMT+03:00" time="0.000" errors="0">
  <testcase name="testApp" time="0.000" classname="qaclickacademy.AppTest"/>
</testsuite> <!-- qaclickacademy.AppTest -->
